<testsuites id="" name="" tests="243" failures="210" skipped="0" errors="0" time="141.22559600000002">
<testsuite name="test-environment-links.spec.ts" timestamp="2025-12-03T11:16:50.985Z" hostname="chromium" tests="81" failures="70" skipped="0" time="1.946" errors="0">
<testcase name="Environment: alalcomenia-prod › Link Data Validation - All parameters are populated" classname="test-environment-links.spec.ts" time="0.112">
<system-out>
<![CDATA[✓ Link 1 validation passed - Title: "AWS Console", Icon: "aws"
✓ Link 2 validation passed - Title: "Datadog", Icon: "datadog"
✓ Link 3 validation passed - Title: "Gitlab", Icon: "gitlab"
]]>
</system-out>
</testcase>
<testcase name="Environment: alalcomenia-prod › Link 1: AWS Console (aws)" classname="test-environment-links.spec.ts" time="0.016">
<failure message="test-environment-links.spec.ts:76:11 Link 1: AWS Console (aws)" type="FAILURE">
<![CDATA[  [chromium] › test-environment-links.spec.ts:76:11 › Environment: alalcomenia-prod › Link 1: AWS Console (aws) 

    Error: browserType.launch: Executable doesn't exist at C:\Users\JonathanRoss\AppData\Local\ms-playwright\chromium_headless_shell-1200\chrome-headless-shell-win64\chrome-headless-shell.exe
    ╔═════════════════════════════════════════════════════════════════════════╗
    ║ Looks like Playwright Test or Playwright was just installed or updated. ║
    ║ Please run the following command to download new browsers:              ║
    ║                                                                         ║
    ║     npx playwright install                                              ║
    ║                                                                         ║
    ║ <3 Playwright Team                                                      ║
    ╚═════════════════════════════════════════════════════════════════════════╝
]]>
</failure>
</testcase>
<testcase name="Environment: alalcomenia-prod › Link 2: Datadog (datadog)" classname="test-environment-links.spec.ts" time="0.02">
<failure message="test-environment-links.spec.ts:76:11 Link 2: Datadog (datadog)" type="FAILURE">
<![CDATA[  [chromium] › test-environment-links.spec.ts:76:11 › Environment: alalcomenia-prod › Link 2: Datadog (datadog) 

    Error: browserType.launch: Executable doesn't exist at C:\Users\JonathanRoss\AppData\Local\ms-playwright\chromium_headless_shell-1200\chrome-headless-shell-win64\chrome-headless-shell.exe
    ╔═════════════════════════════════════════════════════════════════════════╗
    ║ Looks like Playwright Test or Playwright was just installed or updated. ║
    ║ Please run the following command to download new browsers:              ║
    ║                                                                         ║
    ║     npx playwright install                                              ║
    ║                                                                         ║
    ║ <3 Playwright Team                                                      ║
    ╚═════════════════════════════════════════════════════════════════════════╝
]]>
</failure>
</testcase>
<testcase name="Environment: alalcomenia-prod › Link 3: Gitlab (gitlab)" classname="test-environment-links.spec.ts" time="0.018">
<failure message="test-environment-links.spec.ts:76:11 Link 3: Gitlab (gitlab)" type="FAILURE">
<![CDATA[  [chromium] › test-environment-links.spec.ts:76:11 › Environment: alalcomenia-prod › Link 3: Gitlab (gitlab) 

    Error: browserType.launch: Executable doesn't exist at C:\Users\JonathanRoss\AppData\Local\ms-playwright\chromium_headless_shell-1200\chrome-headless-shell-win64\chrome-headless-shell.exe
    ╔═════════════════════════════════════════════════════════════════════════╗
    ║ Looks like Playwright Test or Playwright was just installed or updated. ║
    ║ Please run the following command to download new browsers:              ║
    ║                                                                         ║
    ║     npx playwright install                                              ║
    ║                                                                         ║
    ║ <3 Playwright Team                                                      ║
    ╚═════════════════════════════════════════════════════════════════════════╝
]]>
</failure>
</testcase>
<testcase name="Environment: alalcomenia-staging › Link Data Validation - All parameters are populated" classname="test-environment-links.spec.ts" time="0.051">
<system-out>
<![CDATA[✓ Link 1 validation passed - Title: "AWS Console", Icon: "aws"
✓ Link 2 validation passed - Title: "Datadog", Icon: "datadog"
✓ Link 3 validation passed - Title: "Gitlab", Icon: "gitlab"
]]>
</system-out>
</testcase>
<testcase name="Environment: alalcomenia-staging › Link 1: AWS Console (aws)" classname="test-environment-links.spec.ts" time="0.006">
<failure message="test-environment-links.spec.ts:76:11 Link 1: AWS Console (aws)" type="FAILURE">
<![CDATA[  [chromium] › test-environment-links.spec.ts:76:11 › Environment: alalcomenia-staging › Link 1: AWS Console (aws) 

    Error: browserType.launch: Executable doesn't exist at C:\Users\JonathanRoss\AppData\Local\ms-playwright\chromium_headless_shell-1200\chrome-headless-shell-win64\chrome-headless-shell.exe
    ╔═════════════════════════════════════════════════════════════════════════╗
    ║ Looks like Playwright Test or Playwright was just installed or updated. ║
    ║ Please run the following command to download new browsers:              ║
    ║                                                                         ║
    ║     npx playwright install                                              ║
    ║                                                                         ║
    ║ <3 Playwright Team                                                      ║
    ╚═════════════════════════════════════════════════════════════════════════╝
]]>
</failure>
</testcase>
<testcase name="Environment: alalcomenia-staging › Link 2: Datadog (datadog)" classname="test-environment-links.spec.ts" time="0.008">
<failure message="test-environment-links.spec.ts:76:11 Link 2: Datadog (datadog)" type="FAILURE">
<![CDATA[  [chromium] › test-environment-links.spec.ts:76:11 › Environment: alalcomenia-staging › Link 2: Datadog (datadog) 

    Error: browserType.launch: Executable doesn't exist at C:\Users\JonathanRoss\AppData\Local\ms-playwright\chromium_headless_shell-1200\chrome-headless-shell-win64\chrome-headless-shell.exe
    ╔═════════════════════════════════════════════════════════════════════════╗
    ║ Looks like Playwright Test or Playwright was just installed or updated. ║
    ║ Please run the following command to download new browsers:              ║
    ║                                                                         ║
    ║     npx playwright install                                              ║
    ║                                                                         ║
    ║ <3 Playwright Team                                                      ║
    ╚═════════════════════════════════════════════════════════════════════════╝
]]>
</failure>
</testcase>
<testcase name="Environment: alalcomenia-staging › Link 3: Gitlab (gitlab)" classname="test-environment-links.spec.ts" time="0.011">
<failure message="test-environment-links.spec.ts:76:11 Link 3: Gitlab (gitlab)" type="FAILURE">
<![CDATA[  [chromium] › test-environment-links.spec.ts:76:11 › Environment: alalcomenia-staging › Link 3: Gitlab (gitlab) 

    Error: browserType.launch: Executable doesn't exist at C:\Users\JonathanRoss\AppData\Local\ms-playwright\chromium_headless_shell-1200\chrome-headless-shell-win64\chrome-headless-shell.exe
    ╔═════════════════════════════════════════════════════════════════════════╗
    ║ Looks like Playwright Test or Playwright was just installed or updated. ║
    ║ Please run the following command to download new browsers:              ║
    ║                                                                         ║
    ║     npx playwright install                                              ║
    ║                                                                         ║
    ║ <3 Playwright Team                                                      ║
    ╚═════════════════════════════════════════════════════════════════════════╝
]]>
</failure>
</testcase>
<testcase name="Environment: algos-dev › Link Data Validation - All parameters are populated" classname="test-environment-links.spec.ts" time="0.103">
<system-out>
<![CDATA[✓ Link 1 validation passed - Title: "Alert Manager", Icon: "alert-manager"
✓ Link 2 validation passed - Title: "AWS Console", Icon: "aws"
✓ Link 3 validation passed - Title: "Consul", Icon: "consul"
✓ Link 4 validation passed - Title: "Deployments", Icon: "grafana"
✓ Link 5 validation passed - Title: "Grafana", Icon: "grafana"
✓ Link 6 validation passed - Title: "Datadog", Icon: "datadog"
✓ Link 7 validation passed - Title: "Prometheus", Icon: "prometheus"
✓ Link 8 validation passed - Title: "Vault", Icon: "vault"
]]>
</system-out>
</testcase>
<testcase name="Environment: algos-dev › Link 1: Alert Manager (alert-manager)" classname="test-environment-links.spec.ts" time="0.003">
<failure message="test-environment-links.spec.ts:76:11 Link 1: Alert Manager (alert-manager)" type="FAILURE">
<![CDATA[  [chromium] › test-environment-links.spec.ts:76:11 › Environment: algos-dev › Link 1: Alert Manager (alert-manager) 

    Error: browserType.launch: Executable doesn't exist at C:\Users\JonathanRoss\AppData\Local\ms-playwright\chromium_headless_shell-1200\chrome-headless-shell-win64\chrome-headless-shell.exe
    ╔═════════════════════════════════════════════════════════════════════════╗
    ║ Looks like Playwright Test or Playwright was just installed or updated. ║
    ║ Please run the following command to download new browsers:              ║
    ║                                                                         ║
    ║     npx playwright install                                              ║
    ║                                                                         ║
    ║ <3 Playwright Team                                                      ║
    ╚═════════════════════════════════════════════════════════════════════════╝
]]>
</failure>
</testcase>
<testcase name="Environment: algos-dev › Link 2: AWS Console (aws)" classname="test-environment-links.spec.ts" time="0.009">
<failure message="test-environment-links.spec.ts:76:11 Link 2: AWS Console (aws)" type="FAILURE">
<![CDATA[  [chromium] › test-environment-links.spec.ts:76:11 › Environment: algos-dev › Link 2: AWS Console (aws) 

    Error: browserType.launch: Executable doesn't exist at C:\Users\JonathanRoss\AppData\Local\ms-playwright\chromium_headless_shell-1200\chrome-headless-shell-win64\chrome-headless-shell.exe
    ╔═════════════════════════════════════════════════════════════════════════╗
    ║ Looks like Playwright Test or Playwright was just installed or updated. ║
    ║ Please run the following command to download new browsers:              ║
    ║                                                                         ║
    ║     npx playwright install                                              ║
    ║                                                                         ║
    ║ <3 Playwright Team                                                      ║
    ╚═════════════════════════════════════════════════════════════════════════╝
]]>
</failure>
</testcase>
<testcase name="Environment: algos-dev › Link 3: Consul (consul)" classname="test-environment-links.spec.ts" time="0.006">
<failure message="test-environment-links.spec.ts:76:11 Link 3: Consul (consul)" type="FAILURE">
<![CDATA[  [chromium] › test-environment-links.spec.ts:76:11 › Environment: algos-dev › Link 3: Consul (consul) 

    Error: browserType.launch: Executable doesn't exist at C:\Users\JonathanRoss\AppData\Local\ms-playwright\chromium_headless_shell-1200\chrome-headless-shell-win64\chrome-headless-shell.exe
    ╔═════════════════════════════════════════════════════════════════════════╗
    ║ Looks like Playwright Test or Playwright was just installed or updated. ║
    ║ Please run the following command to download new browsers:              ║
    ║                                                                         ║
    ║     npx playwright install                                              ║
    ║                                                                         ║
    ║ <3 Playwright Team                                                      ║
    ╚═════════════════════════════════════════════════════════════════════════╝
]]>
</failure>
</testcase>
<testcase name="Environment: algos-dev › Link 4: Deployments (grafana)" classname="test-environment-links.spec.ts" time="0.007">
<failure message="test-environment-links.spec.ts:76:11 Link 4: Deployments (grafana)" type="FAILURE">
<![CDATA[  [chromium] › test-environment-links.spec.ts:76:11 › Environment: algos-dev › Link 4: Deployments (grafana) 

    Error: browserType.launch: Executable doesn't exist at C:\Users\JonathanRoss\AppData\Local\ms-playwright\chromium_headless_shell-1200\chrome-headless-shell-win64\chrome-headless-shell.exe
    ╔═════════════════════════════════════════════════════════════════════════╗
    ║ Looks like Playwright Test or Playwright was just installed or updated. ║
    ║ Please run the following command to download new browsers:              ║
    ║                                                                         ║
    ║     npx playwright install                                              ║
    ║                                                                         ║
    ║ <3 Playwright Team                                                      ║
    ╚═════════════════════════════════════════════════════════════════════════╝
]]>
</failure>
</testcase>
<testcase name="Environment: algos-dev › Link 5: Grafana (grafana)" classname="test-environment-links.spec.ts" time="0.002">
<failure message="test-environment-links.spec.ts:76:11 Link 5: Grafana (grafana)" type="FAILURE">
<![CDATA[  [chromium] › test-environment-links.spec.ts:76:11 › Environment: algos-dev › Link 5: Grafana (grafana) 

    Error: browserType.launch: Executable doesn't exist at C:\Users\JonathanRoss\AppData\Local\ms-playwright\chromium_headless_shell-1200\chrome-headless-shell-win64\chrome-headless-shell.exe
    ╔═════════════════════════════════════════════════════════════════════════╗
    ║ Looks like Playwright Test or Playwright was just installed or updated. ║
    ║ Please run the following command to download new browsers:              ║
    ║                                                                         ║
    ║     npx playwright install                                              ║
    ║                                                                         ║
    ║ <3 Playwright Team                                                      ║
    ╚═════════════════════════════════════════════════════════════════════════╝
]]>
</failure>
</testcase>
<testcase name="Environment: algos-dev › Link 6: Datadog (datadog)" classname="test-environment-links.spec.ts" time="0.007">
<failure message="test-environment-links.spec.ts:76:11 Link 6: Datadog (datadog)" type="FAILURE">
<![CDATA[  [chromium] › test-environment-links.spec.ts:76:11 › Environment: algos-dev › Link 6: Datadog (datadog) 

    Error: browserType.launch: Executable doesn't exist at C:\Users\JonathanRoss\AppData\Local\ms-playwright\chromium_headless_shell-1200\chrome-headless-shell-win64\chrome-headless-shell.exe
    ╔═════════════════════════════════════════════════════════════════════════╗
    ║ Looks like Playwright Test or Playwright was just installed or updated. ║
    ║ Please run the following command to download new browsers:              ║
    ║                                                                         ║
    ║     npx playwright install                                              ║
    ║                                                                         ║
    ║ <3 Playwright Team                                                      ║
    ╚═════════════════════════════════════════════════════════════════════════╝
]]>
</failure>
</testcase>
<testcase name="Environment: algos-dev › Link 7: Prometheus (prometheus)" classname="test-environment-links.spec.ts" time="0.013">
<failure message="test-environment-links.spec.ts:76:11 Link 7: Prometheus (prometheus)" type="FAILURE">
<![CDATA[  [chromium] › test-environment-links.spec.ts:76:11 › Environment: algos-dev › Link 7: Prometheus (prometheus) 

    Error: browserType.launch: Executable doesn't exist at C:\Users\JonathanRoss\AppData\Local\ms-playwright\chromium_headless_shell-1200\chrome-headless-shell-win64\chrome-headless-shell.exe
    ╔═════════════════════════════════════════════════════════════════════════╗
    ║ Looks like Playwright Test or Playwright was just installed or updated. ║
    ║ Please run the following command to download new browsers:              ║
    ║                                                                         ║
    ║     npx playwright install                                              ║
    ║                                                                         ║
    ║ <3 Playwright Team                                                      ║
    ╚═════════════════════════════════════════════════════════════════════════╝
]]>
</failure>
</testcase>
<testcase name="Environment: algos-dev › Link 8: Vault (vault)" classname="test-environment-links.spec.ts" time="0.006">
<failure message="test-environment-links.spec.ts:76:11 Link 8: Vault (vault)" type="FAILURE">
<![CDATA[  [chromium] › test-environment-links.spec.ts:76:11 › Environment: algos-dev › Link 8: Vault (vault) 

    Error: browserType.launch: Executable doesn't exist at C:\Users\JonathanRoss\AppData\Local\ms-playwright\chromium_headless_shell-1200\chrome-headless-shell-win64\chrome-headless-shell.exe
    ╔═════════════════════════════════════════════════════════════════════════╗
    ║ Looks like Playwright Test or Playwright was just installed or updated. ║
    ║ Please run the following command to download new browsers:              ║
    ║                                                                         ║
    ║     npx playwright install                                              ║
    ║                                                                         ║
    ║ <3 Playwright Team                                                      ║
    ╚═════════════════════════════════════════════════════════════════════════╝
]]>
</failure>
</testcase>
<testcase name="Environment: alloresto-production › Link Data Validation - All parameters are populated" classname="test-environment-links.spec.ts" time="0.225">
<system-out>
<![CDATA[✓ Link 1 validation passed - Title: "Alert Manager", Icon: "alert-manager"
✓ Link 2 validation passed - Title: "AWS Console", Icon: "aws"
✓ Link 3 validation passed - Title: "Consul", Icon: "consul"
✓ Link 4 validation passed - Title: "Deployments", Icon: "grafana"
✓ Link 5 validation passed - Title: "Grafana", Icon: "grafana"
✓ Link 6 validation passed - Title: "Datadog", Icon: "datadog"
✓ Link 7 validation passed - Title: "Prometheus", Icon: "prometheus"
✓ Link 8 validation passed - Title: "Vault", Icon: "vault"
]]>
</system-out>
</testcase>
<testcase name="Environment: alloresto-production › Link 1: Alert Manager (alert-manager)" classname="test-environment-links.spec.ts" time="0.016">
<failure message="test-environment-links.spec.ts:76:11 Link 1: Alert Manager (alert-manager)" type="FAILURE">
<![CDATA[  [chromium] › test-environment-links.spec.ts:76:11 › Environment: alloresto-production › Link 1: Alert Manager (alert-manager) 

    Error: browserType.launch: Executable doesn't exist at C:\Users\JonathanRoss\AppData\Local\ms-playwright\chromium_headless_shell-1200\chrome-headless-shell-win64\chrome-headless-shell.exe
    ╔═════════════════════════════════════════════════════════════════════════╗
    ║ Looks like Playwright Test or Playwright was just installed or updated. ║
    ║ Please run the following command to download new browsers:              ║
    ║                                                                         ║
    ║     npx playwright install                                              ║
    ║                                                                         ║
    ║ <3 Playwright Team                                                      ║
    ╚═════════════════════════════════════════════════════════════════════════╝
]]>
</failure>
</testcase>
<testcase name="Environment: alloresto-production › Link 2: AWS Console (aws)" classname="test-environment-links.spec.ts" time="0.012">
<failure message="test-environment-links.spec.ts:76:11 Link 2: AWS Console (aws)" type="FAILURE">
<![CDATA[  [chromium] › test-environment-links.spec.ts:76:11 › Environment: alloresto-production › Link 2: AWS Console (aws) 

    Error: browserType.launch: Executable doesn't exist at C:\Users\JonathanRoss\AppData\Local\ms-playwright\chromium_headless_shell-1200\chrome-headless-shell-win64\chrome-headless-shell.exe
    ╔═════════════════════════════════════════════════════════════════════════╗
    ║ Looks like Playwright Test or Playwright was just installed or updated. ║
    ║ Please run the following command to download new browsers:              ║
    ║                                                                         ║
    ║     npx playwright install                                              ║
    ║                                                                         ║
    ║ <3 Playwright Team                                                      ║
    ╚═════════════════════════════════════════════════════════════════════════╝
]]>
</failure>
</testcase>
<testcase name="Environment: alloresto-production › Link 3: Consul (consul)" classname="test-environment-links.spec.ts" time="0.009">
<failure message="test-environment-links.spec.ts:76:11 Link 3: Consul (consul)" type="FAILURE">
<![CDATA[  [chromium] › test-environment-links.spec.ts:76:11 › Environment: alloresto-production › Link 3: Consul (consul) 

    Error: browserType.launch: Executable doesn't exist at C:\Users\JonathanRoss\AppData\Local\ms-playwright\chromium_headless_shell-1200\chrome-headless-shell-win64\chrome-headless-shell.exe
    ╔═════════════════════════════════════════════════════════════════════════╗
    ║ Looks like Playwright Test or Playwright was just installed or updated. ║
    ║ Please run the following command to download new browsers:              ║
    ║                                                                         ║
    ║     npx playwright install                                              ║
    ║                                                                         ║
    ║ <3 Playwright Team                                                      ║
    ╚═════════════════════════════════════════════════════════════════════════╝
]]>
</failure>
</testcase>
<testcase name="Environment: alloresto-production › Link 4: Deployments (grafana)" classname="test-environment-links.spec.ts" time="0.003">
<failure message="test-environment-links.spec.ts:76:11 Link 4: Deployments (grafana)" type="FAILURE">
<![CDATA[  [chromium] › test-environment-links.spec.ts:76:11 › Environment: alloresto-production › Link 4: Deployments (grafana) 

    Error: browserType.launch: Executable doesn't exist at C:\Users\JonathanRoss\AppData\Local\ms-playwright\chromium_headless_shell-1200\chrome-headless-shell-win64\chrome-headless-shell.exe
    ╔═════════════════════════════════════════════════════════════════════════╗
    ║ Looks like Playwright Test or Playwright was just installed or updated. ║
    ║ Please run the following command to download new browsers:              ║
    ║                                                                         ║
    ║     npx playwright install                                              ║
    ║                                                                         ║
    ║ <3 Playwright Team                                                      ║
    ╚═════════════════════════════════════════════════════════════════════════╝
]]>
</failure>
</testcase>
<testcase name="Environment: alloresto-production › Link 5: Grafana (grafana)" classname="test-environment-links.spec.ts" time="0.02">
<failure message="test-environment-links.spec.ts:76:11 Link 5: Grafana (grafana)" type="FAILURE">
<![CDATA[  [chromium] › test-environment-links.spec.ts:76:11 › Environment: alloresto-production › Link 5: Grafana (grafana) 

    Error: browserType.launch: Executable doesn't exist at C:\Users\JonathanRoss\AppData\Local\ms-playwright\chromium_headless_shell-1200\chrome-headless-shell-win64\chrome-headless-shell.exe
    ╔═════════════════════════════════════════════════════════════════════════╗
    ║ Looks like Playwright Test or Playwright was just installed or updated. ║
    ║ Please run the following command to download new browsers:              ║
    ║                                                                         ║
    ║     npx playwright install                                              ║
    ║                                                                         ║
    ║ <3 Playwright Team                                                      ║
    ╚═════════════════════════════════════════════════════════════════════════╝
]]>
</failure>
</testcase>
<testcase name="Environment: alloresto-production › Link 6: Datadog (datadog)" classname="test-environment-links.spec.ts" time="0.012">
<failure message="test-environment-links.spec.ts:76:11 Link 6: Datadog (datadog)" type="FAILURE">
<![CDATA[  [chromium] › test-environment-links.spec.ts:76:11 › Environment: alloresto-production › Link 6: Datadog (datadog) 

    Error: browserType.launch: Executable doesn't exist at C:\Users\JonathanRoss\AppData\Local\ms-playwright\chromium_headless_shell-1200\chrome-headless-shell-win64\chrome-headless-shell.exe
    ╔═════════════════════════════════════════════════════════════════════════╗
    ║ Looks like Playwright Test or Playwright was just installed or updated. ║
    ║ Please run the following command to download new browsers:              ║
    ║                                                                         ║
    ║     npx playwright install                                              ║
    ║                                                                         ║
    ║ <3 Playwright Team                                                      ║
    ╚═════════════════════════════════════════════════════════════════════════╝
]]>
</failure>
</testcase>
<testcase name="Environment: alloresto-production › Link 7: Prometheus (prometheus)" classname="test-environment-links.spec.ts" time="0.01">
<failure message="test-environment-links.spec.ts:76:11 Link 7: Prometheus (prometheus)" type="FAILURE">
<![CDATA[  [chromium] › test-environment-links.spec.ts:76:11 › Environment: alloresto-production › Link 7: Prometheus (prometheus) 

    Error: browserType.launch: Executable doesn't exist at C:\Users\JonathanRoss\AppData\Local\ms-playwright\chromium_headless_shell-1200\chrome-headless-shell-win64\chrome-headless-shell.exe
    ╔═════════════════════════════════════════════════════════════════════════╗
    ║ Looks like Playwright Test or Playwright was just installed or updated. ║
    ║ Please run the following command to download new browsers:              ║
    ║                                                                         ║
    ║     npx playwright install                                              ║
    ║                                                                         ║
    ║ <3 Playwright Team                                                      ║
    ╚═════════════════════════════════════════════════════════════════════════╝
]]>
</failure>
</testcase>
<testcase name="Environment: alloresto-production › Link 8: Vault (vault)" classname="test-environment-links.spec.ts" time="0.008">
<failure message="test-environment-links.spec.ts:76:11 Link 8: Vault (vault)" type="FAILURE">
<![CDATA[  [chromium] › test-environment-links.spec.ts:76:11 › Environment: alloresto-production › Link 8: Vault (vault) 

    Error: browserType.launch: Executable doesn't exist at C:\Users\JonathanRoss\AppData\Local\ms-playwright\chromium_headless_shell-1200\chrome-headless-shell-win64\chrome-headless-shell.exe
    ╔═════════════════════════════════════════════════════════════════════════╗
    ║ Looks like Playwright Test or Playwright was just installed or updated. ║
    ║ Please run the following command to download new browsers:              ║
    ║                                                                         ║
    ║     npx playwright install                                              ║
    ║                                                                         ║
    ║ <3 Playwright Team                                                      ║
    ╚═════════════════════════════════════════════════════════════════════════╝
]]>
</failure>
</testcase>
<testcase name="Environment: am-okta-production › Link Data Validation - All parameters are populated" classname="test-environment-links.spec.ts" time="0.171">
<system-out>
<![CDATA[✓ Link 1 validation passed - Title: "Alert Manager", Icon: "alert-manager"
✓ Link 2 validation passed - Title: "AWS Console", Icon: "aws"
✓ Link 3 validation passed - Title: "Datadog", Icon: "datadog"
✓ Link 4 validation passed - Title: "Deployments", Icon: "grafana"
✓ Link 5 validation passed - Title: "Grafana", Icon: "grafana"
✓ Link 6 validation passed - Title: "Kiali", Icon: "kiali"
✓ Link 7 validation passed - Title: "Prometheus", Icon: "prometheus"
✓ Link 8 validation passed - Title: "Vault", Icon: "vault"
✓ Link 9 validation passed - Title: "Finout", Icon: "finout"
]]>
</system-out>
</testcase>
<testcase name="Environment: am-okta-production › Link 1: Alert Manager (alert-manager)" classname="test-environment-links.spec.ts" time="0.013">
<failure message="test-environment-links.spec.ts:76:11 Link 1: Alert Manager (alert-manager)" type="FAILURE">
<![CDATA[  [chromium] › test-environment-links.spec.ts:76:11 › Environment: am-okta-production › Link 1: Alert Manager (alert-manager) 

    Error: browserType.launch: Executable doesn't exist at C:\Users\JonathanRoss\AppData\Local\ms-playwright\chromium_headless_shell-1200\chrome-headless-shell-win64\chrome-headless-shell.exe
    ╔═════════════════════════════════════════════════════════════════════════╗
    ║ Looks like Playwright Test or Playwright was just installed or updated. ║
    ║ Please run the following command to download new browsers:              ║
    ║                                                                         ║
    ║     npx playwright install                                              ║
    ║                                                                         ║
    ║ <3 Playwright Team                                                      ║
    ╚═════════════════════════════════════════════════════════════════════════╝
]]>
</failure>
</testcase>
<testcase name="Environment: am-okta-production › Link 2: AWS Console (aws)" classname="test-environment-links.spec.ts" time="0.006">
<failure message="test-environment-links.spec.ts:76:11 Link 2: AWS Console (aws)" type="FAILURE">
<![CDATA[  [chromium] › test-environment-links.spec.ts:76:11 › Environment: am-okta-production › Link 2: AWS Console (aws) 

    Error: browserType.launch: Executable doesn't exist at C:\Users\JonathanRoss\AppData\Local\ms-playwright\chromium_headless_shell-1200\chrome-headless-shell-win64\chrome-headless-shell.exe
    ╔═════════════════════════════════════════════════════════════════════════╗
    ║ Looks like Playwright Test or Playwright was just installed or updated. ║
    ║ Please run the following command to download new browsers:              ║
    ║                                                                         ║
    ║     npx playwright install                                              ║
    ║                                                                         ║
    ║ <3 Playwright Team                                                      ║
    ╚═════════════════════════════════════════════════════════════════════════╝
]]>
</failure>
</testcase>
<testcase name="Environment: am-okta-production › Link 3: Datadog (datadog)" classname="test-environment-links.spec.ts" time="0.01">
<failure message="test-environment-links.spec.ts:76:11 Link 3: Datadog (datadog)" type="FAILURE">
<![CDATA[  [chromium] › test-environment-links.spec.ts:76:11 › Environment: am-okta-production › Link 3: Datadog (datadog) 

    Error: browserType.launch: Executable doesn't exist at C:\Users\JonathanRoss\AppData\Local\ms-playwright\chromium_headless_shell-1200\chrome-headless-shell-win64\chrome-headless-shell.exe
    ╔═════════════════════════════════════════════════════════════════════════╗
    ║ Looks like Playwright Test or Playwright was just installed or updated. ║
    ║ Please run the following command to download new browsers:              ║
    ║                                                                         ║
    ║     npx playwright install                                              ║
    ║                                                                         ║
    ║ <3 Playwright Team                                                      ║
    ╚═════════════════════════════════════════════════════════════════════════╝
]]>
</failure>
</testcase>
<testcase name="Environment: am-okta-production › Link 4: Deployments (grafana)" classname="test-environment-links.spec.ts" time="0.017">
<failure message="test-environment-links.spec.ts:76:11 Link 4: Deployments (grafana)" type="FAILURE">
<![CDATA[  [chromium] › test-environment-links.spec.ts:76:11 › Environment: am-okta-production › Link 4: Deployments (grafana) 

    Error: browserType.launch: Executable doesn't exist at C:\Users\JonathanRoss\AppData\Local\ms-playwright\chromium_headless_shell-1200\chrome-headless-shell-win64\chrome-headless-shell.exe
    ╔═════════════════════════════════════════════════════════════════════════╗
    ║ Looks like Playwright Test or Playwright was just installed or updated. ║
    ║ Please run the following command to download new browsers:              ║
    ║                                                                         ║
    ║     npx playwright install                                              ║
    ║                                                                         ║
    ║ <3 Playwright Team                                                      ║
    ╚═════════════════════════════════════════════════════════════════════════╝
]]>
</failure>
</testcase>
<testcase name="Environment: am-okta-production › Link 5: Grafana (grafana)" classname="test-environment-links.spec.ts" time="0.005">
<failure message="test-environment-links.spec.ts:76:11 Link 5: Grafana (grafana)" type="FAILURE">
<![CDATA[  [chromium] › test-environment-links.spec.ts:76:11 › Environment: am-okta-production › Link 5: Grafana (grafana) 

    Error: browserType.launch: Executable doesn't exist at C:\Users\JonathanRoss\AppData\Local\ms-playwright\chromium_headless_shell-1200\chrome-headless-shell-win64\chrome-headless-shell.exe
    ╔═════════════════════════════════════════════════════════════════════════╗
    ║ Looks like Playwright Test or Playwright was just installed or updated. ║
    ║ Please run the following command to download new browsers:              ║
    ║                                                                         ║
    ║     npx playwright install                                              ║
    ║                                                                         ║
    ║ <3 Playwright Team                                                      ║
    ╚═════════════════════════════════════════════════════════════════════════╝
]]>
</failure>
</testcase>
<testcase name="Environment: am-okta-production › Link 6: Kiali (kiali)" classname="test-environment-links.spec.ts" time="0.012">
<failure message="test-environment-links.spec.ts:76:11 Link 6: Kiali (kiali)" type="FAILURE">
<![CDATA[  [chromium] › test-environment-links.spec.ts:76:11 › Environment: am-okta-production › Link 6: Kiali (kiali) 

    Error: browserType.launch: Executable doesn't exist at C:\Users\JonathanRoss\AppData\Local\ms-playwright\chromium_headless_shell-1200\chrome-headless-shell-win64\chrome-headless-shell.exe
    ╔═════════════════════════════════════════════════════════════════════════╗
    ║ Looks like Playwright Test or Playwright was just installed or updated. ║
    ║ Please run the following command to download new browsers:              ║
    ║                                                                         ║
    ║     npx playwright install                                              ║
    ║                                                                         ║
    ║ <3 Playwright Team                                                      ║
    ╚═════════════════════════════════════════════════════════════════════════╝
]]>
</failure>
</testcase>
<testcase name="Environment: am-okta-production › Link 7: Prometheus (prometheus)" classname="test-environment-links.spec.ts" time="0.018">
<failure message="test-environment-links.spec.ts:76:11 Link 7: Prometheus (prometheus)" type="FAILURE">
<![CDATA[  [chromium] › test-environment-links.spec.ts:76:11 › Environment: am-okta-production › Link 7: Prometheus (prometheus) 

    Error: browserType.launch: Executable doesn't exist at C:\Users\JonathanRoss\AppData\Local\ms-playwright\chromium_headless_shell-1200\chrome-headless-shell-win64\chrome-headless-shell.exe
    ╔═════════════════════════════════════════════════════════════════════════╗
    ║ Looks like Playwright Test or Playwright was just installed or updated. ║
    ║ Please run the following command to download new browsers:              ║
    ║                                                                         ║
    ║     npx playwright install                                              ║
    ║                                                                         ║
    ║ <3 Playwright Team                                                      ║
    ╚═════════════════════════════════════════════════════════════════════════╝
]]>
</failure>
</testcase>
<testcase name="Environment: am-okta-production › Link 8: Vault (vault)" classname="test-environment-links.spec.ts" time="0.019">
<failure message="test-environment-links.spec.ts:76:11 Link 8: Vault (vault)" type="FAILURE">
<![CDATA[  [chromium] › test-environment-links.spec.ts:76:11 › Environment: am-okta-production › Link 8: Vault (vault) 

    Error: browserType.launch: Executable doesn't exist at C:\Users\JonathanRoss\AppData\Local\ms-playwright\chromium_headless_shell-1200\chrome-headless-shell-win64\chrome-headless-shell.exe
    ╔═════════════════════════════════════════════════════════════════════════╗
    ║ Looks like Playwright Test or Playwright was just installed or updated. ║
    ║ Please run the following command to download new browsers:              ║
    ║                                                                         ║
    ║     npx playwright install                                              ║
    ║                                                                         ║
    ║ <3 Playwright Team                                                      ║
    ╚═════════════════════════════════════════════════════════════════════════╝
]]>
</failure>
</testcase>
<testcase name="Environment: am-okta-production › Link 9: Finout (finout)" classname="test-environment-links.spec.ts" time="0.008">
<failure message="test-environment-links.spec.ts:76:11 Link 9: Finout (finout)" type="FAILURE">
<![CDATA[  [chromium] › test-environment-links.spec.ts:76:11 › Environment: am-okta-production › Link 9: Finout (finout) 

    Error: browserType.launch: Executable doesn't exist at C:\Users\JonathanRoss\AppData\Local\ms-playwright\chromium_headless_shell-1200\chrome-headless-shell-win64\chrome-headless-shell.exe
    ╔═════════════════════════════════════════════════════════════════════════╗
    ║ Looks like Playwright Test or Playwright was just installed or updated. ║
    ║ Please run the following command to download new browsers:              ║
    ║                                                                         ║
    ║     npx playwright install                                              ║
    ║                                                                         ║
    ║ <3 Playwright Team                                                      ║
    ╚═════════════════════════════════════════════════════════════════════════╝
]]>
</failure>
</testcase>
<testcase name="Environment: ap-northeast-1-pdv-staging-1 › Link Data Validation - All parameters are populated" classname="test-environment-links.spec.ts" time="0.132">
<system-out>
<![CDATA[✓ Link 1 validation passed - Title: "Alert Manager", Icon: "alert-manager"
✓ Link 2 validation passed - Title: "AWS Console", Icon: "aws"
✓ Link 3 validation passed - Title: "Consul", Icon: "consul"
✓ Link 4 validation passed - Title: "Deployments", Icon: "grafana"
✓ Link 5 validation passed - Title: "Grafana", Icon: "grafana"
✓ Link 6 validation passed - Title: "Datadog", Icon: "datadog"
✓ Link 7 validation passed - Title: "Prometheus", Icon: "prometheus"
✓ Link 8 validation passed - Title: "Vault", Icon: "vault"
]]>
</system-out>
</testcase>
<testcase name="Environment: ap-northeast-1-pdv-staging-1 › Link 1: Alert Manager (alert-manager)" classname="test-environment-links.spec.ts" time="0.012">
<failure message="test-environment-links.spec.ts:76:11 Link 1: Alert Manager (alert-manager)" type="FAILURE">
<![CDATA[  [chromium] › test-environment-links.spec.ts:76:11 › Environment: ap-northeast-1-pdv-staging-1 › Link 1: Alert Manager (alert-manager) 

    Error: browserType.launch: Executable doesn't exist at C:\Users\JonathanRoss\AppData\Local\ms-playwright\chromium_headless_shell-1200\chrome-headless-shell-win64\chrome-headless-shell.exe
    ╔═════════════════════════════════════════════════════════════════════════╗
    ║ Looks like Playwright Test or Playwright was just installed or updated. ║
    ║ Please run the following command to download new browsers:              ║
    ║                                                                         ║
    ║     npx playwright install                                              ║
    ║                                                                         ║
    ║ <3 Playwright Team                                                      ║
    ╚═════════════════════════════════════════════════════════════════════════╝
]]>
</failure>
</testcase>
<testcase name="Environment: ap-northeast-1-pdv-staging-1 › Link 2: AWS Console (aws)" classname="test-environment-links.spec.ts" time="0.014">
<failure message="test-environment-links.spec.ts:76:11 Link 2: AWS Console (aws)" type="FAILURE">
<![CDATA[  [chromium] › test-environment-links.spec.ts:76:11 › Environment: ap-northeast-1-pdv-staging-1 › Link 2: AWS Console (aws) 

    Error: browserType.launch: Executable doesn't exist at C:\Users\JonathanRoss\AppData\Local\ms-playwright\chromium_headless_shell-1200\chrome-headless-shell-win64\chrome-headless-shell.exe
    ╔═════════════════════════════════════════════════════════════════════════╗
    ║ Looks like Playwright Test or Playwright was just installed or updated. ║
    ║ Please run the following command to download new browsers:              ║
    ║                                                                         ║
    ║     npx playwright install                                              ║
    ║                                                                         ║
    ║ <3 Playwright Team                                                      ║
    ╚═════════════════════════════════════════════════════════════════════════╝
]]>
</failure>
</testcase>
<testcase name="Environment: ap-northeast-1-pdv-staging-1 › Link 3: Consul (consul)" classname="test-environment-links.spec.ts" time="0.01">
<failure message="test-environment-links.spec.ts:76:11 Link 3: Consul (consul)" type="FAILURE">
<![CDATA[  [chromium] › test-environment-links.spec.ts:76:11 › Environment: ap-northeast-1-pdv-staging-1 › Link 3: Consul (consul) 

    Error: browserType.launch: Executable doesn't exist at C:\Users\JonathanRoss\AppData\Local\ms-playwright\chromium_headless_shell-1200\chrome-headless-shell-win64\chrome-headless-shell.exe
    ╔═════════════════════════════════════════════════════════════════════════╗
    ║ Looks like Playwright Test or Playwright was just installed or updated. ║
    ║ Please run the following command to download new browsers:              ║
    ║                                                                         ║
    ║     npx playwright install                                              ║
    ║                                                                         ║
    ║ <3 Playwright Team                                                      ║
    ╚═════════════════════════════════════════════════════════════════════════╝
]]>
</failure>
</testcase>
<testcase name="Environment: ap-northeast-1-pdv-staging-1 › Link 4: Deployments (grafana)" classname="test-environment-links.spec.ts" time="0.003">
<failure message="test-environment-links.spec.ts:76:11 Link 4: Deployments (grafana)" type="FAILURE">
<![CDATA[  [chromium] › test-environment-links.spec.ts:76:11 › Environment: ap-northeast-1-pdv-staging-1 › Link 4: Deployments (grafana) 

    Error: browserType.launch: Executable doesn't exist at C:\Users\JonathanRoss\AppData\Local\ms-playwright\chromium_headless_shell-1200\chrome-headless-shell-win64\chrome-headless-shell.exe
    ╔═════════════════════════════════════════════════════════════════════════╗
    ║ Looks like Playwright Test or Playwright was just installed or updated. ║
    ║ Please run the following command to download new browsers:              ║
    ║                                                                         ║
    ║     npx playwright install                                              ║
    ║                                                                         ║
    ║ <3 Playwright Team                                                      ║
    ╚═════════════════════════════════════════════════════════════════════════╝
]]>
</failure>
</testcase>
<testcase name="Environment: ap-northeast-1-pdv-staging-1 › Link 5: Grafana (grafana)" classname="test-environment-links.spec.ts" time="0.013">
<failure message="test-environment-links.spec.ts:76:11 Link 5: Grafana (grafana)" type="FAILURE">
<![CDATA[  [chromium] › test-environment-links.spec.ts:76:11 › Environment: ap-northeast-1-pdv-staging-1 › Link 5: Grafana (grafana) 

    Error: browserType.launch: Executable doesn't exist at C:\Users\JonathanRoss\AppData\Local\ms-playwright\chromium_headless_shell-1200\chrome-headless-shell-win64\chrome-headless-shell.exe
    ╔═════════════════════════════════════════════════════════════════════════╗
    ║ Looks like Playwright Test or Playwright was just installed or updated. ║
    ║ Please run the following command to download new browsers:              ║
    ║                                                                         ║
    ║     npx playwright install                                              ║
    ║                                                                         ║
    ║ <3 Playwright Team                                                      ║
    ╚═════════════════════════════════════════════════════════════════════════╝
]]>
</failure>
</testcase>
<testcase name="Environment: ap-northeast-1-pdv-staging-1 › Link 6: Datadog (datadog)" classname="test-environment-links.spec.ts" time="0.003">
<failure message="test-environment-links.spec.ts:76:11 Link 6: Datadog (datadog)" type="FAILURE">
<![CDATA[  [chromium] › test-environment-links.spec.ts:76:11 › Environment: ap-northeast-1-pdv-staging-1 › Link 6: Datadog (datadog) 

    Error: browserType.launch: Executable doesn't exist at C:\Users\JonathanRoss\AppData\Local\ms-playwright\chromium_headless_shell-1200\chrome-headless-shell-win64\chrome-headless-shell.exe
    ╔═════════════════════════════════════════════════════════════════════════╗
    ║ Looks like Playwright Test or Playwright was just installed or updated. ║
    ║ Please run the following command to download new browsers:              ║
    ║                                                                         ║
    ║     npx playwright install                                              ║
    ║                                                                         ║
    ║ <3 Playwright Team                                                      ║
    ╚═════════════════════════════════════════════════════════════════════════╝
]]>
</failure>
</testcase>
<testcase name="Environment: ap-northeast-1-pdv-staging-1 › Link 7: Prometheus (prometheus)" classname="test-environment-links.spec.ts" time="0.004">
<failure message="test-environment-links.spec.ts:76:11 Link 7: Prometheus (prometheus)" type="FAILURE">
<![CDATA[  [chromium] › test-environment-links.spec.ts:76:11 › Environment: ap-northeast-1-pdv-staging-1 › Link 7: Prometheus (prometheus) 

    Error: browserType.launch: Executable doesn't exist at C:\Users\JonathanRoss\AppData\Local\ms-playwright\chromium_headless_shell-1200\chrome-headless-shell-win64\chrome-headless-shell.exe
    ╔═════════════════════════════════════════════════════════════════════════╗
    ║ Looks like Playwright Test or Playwright was just installed or updated. ║
    ║ Please run the following command to download new browsers:              ║
    ║                                                                         ║
    ║     npx playwright install                                              ║
    ║                                                                         ║
    ║ <3 Playwright Team                                                      ║
    ╚═════════════════════════════════════════════════════════════════════════╝
]]>
</failure>
</testcase>
<testcase name="Environment: ap-northeast-1-pdv-staging-1 › Link 8: Vault (vault)" classname="test-environment-links.spec.ts" time="0.007">
<failure message="test-environment-links.spec.ts:76:11 Link 8: Vault (vault)" type="FAILURE">
<![CDATA[  [chromium] › test-environment-links.spec.ts:76:11 › Environment: ap-northeast-1-pdv-staging-1 › Link 8: Vault (vault) 

    Error: browserType.launch: Executable doesn't exist at C:\Users\JonathanRoss\AppData\Local\ms-playwright\chromium_headless_shell-1200\chrome-headless-shell-win64\chrome-headless-shell.exe
    ╔═════════════════════════════════════════════════════════════════════════╗
    ║ Looks like Playwright Test or Playwright was just installed or updated. ║
    ║ Please run the following command to download new browsers:              ║
    ║                                                                         ║
    ║     npx playwright install                                              ║
    ║                                                                         ║
    ║ <3 Playwright Team                                                      ║
    ╚═════════════════════════════════════════════════════════════════════════╝
]]>
</failure>
</testcase>
<testcase name="Environment: ap-northeast-1-pmt-staging-1 › Link Data Validation - All parameters are populated" classname="test-environment-links.spec.ts" time="0.101">
<system-out>
<![CDATA[✓ Link 1 validation passed - Title: "Alert Manager", Icon: "alert-manager"
✓ Link 2 validation passed - Title: "AWS Console", Icon: "aws"
✓ Link 3 validation passed - Title: "Consul", Icon: "consul"
✓ Link 4 validation passed - Title: "Deployments", Icon: "grafana"
✓ Link 5 validation passed - Title: "Grafana", Icon: "grafana"
✓ Link 6 validation passed - Title: "Datadog", Icon: "datadog"
✓ Link 7 validation passed - Title: "Prometheus", Icon: "prometheus"
✓ Link 8 validation passed - Title: "Vault", Icon: "vault"
]]>
</system-out>
</testcase>
<testcase name="Environment: ap-northeast-1-pmt-staging-1 › Link 1: Alert Manager (alert-manager)" classname="test-environment-links.spec.ts" time="0.007">
<failure message="test-environment-links.spec.ts:76:11 Link 1: Alert Manager (alert-manager)" type="FAILURE">
<![CDATA[  [chromium] › test-environment-links.spec.ts:76:11 › Environment: ap-northeast-1-pmt-staging-1 › Link 1: Alert Manager (alert-manager) 

    Error: browserType.launch: Executable doesn't exist at C:\Users\JonathanRoss\AppData\Local\ms-playwright\chromium_headless_shell-1200\chrome-headless-shell-win64\chrome-headless-shell.exe
    ╔═════════════════════════════════════════════════════════════════════════╗
    ║ Looks like Playwright Test or Playwright was just installed or updated. ║
    ║ Please run the following command to download new browsers:              ║
    ║                                                                         ║
    ║     npx playwright install                                              ║
    ║                                                                         ║
    ║ <3 Playwright Team                                                      ║
    ╚═════════════════════════════════════════════════════════════════════════╝
]]>
</failure>
</testcase>
<testcase name="Environment: ap-northeast-1-pmt-staging-1 › Link 2: AWS Console (aws)" classname="test-environment-links.spec.ts" time="0.007">
<failure message="test-environment-links.spec.ts:76:11 Link 2: AWS Console (aws)" type="FAILURE">
<![CDATA[  [chromium] › test-environment-links.spec.ts:76:11 › Environment: ap-northeast-1-pmt-staging-1 › Link 2: AWS Console (aws) 

    Error: browserType.launch: Executable doesn't exist at C:\Users\JonathanRoss\AppData\Local\ms-playwright\chromium_headless_shell-1200\chrome-headless-shell-win64\chrome-headless-shell.exe
    ╔═════════════════════════════════════════════════════════════════════════╗
    ║ Looks like Playwright Test or Playwright was just installed or updated. ║
    ║ Please run the following command to download new browsers:              ║
    ║                                                                         ║
    ║     npx playwright install                                              ║
    ║                                                                         ║
    ║ <3 Playwright Team                                                      ║
    ╚═════════════════════════════════════════════════════════════════════════╝
]]>
</failure>
</testcase>
<testcase name="Environment: ap-northeast-1-pmt-staging-1 › Link 3: Consul (consul)" classname="test-environment-links.spec.ts" time="0.008">
<failure message="test-environment-links.spec.ts:76:11 Link 3: Consul (consul)" type="FAILURE">
<![CDATA[  [chromium] › test-environment-links.spec.ts:76:11 › Environment: ap-northeast-1-pmt-staging-1 › Link 3: Consul (consul) 

    Error: browserType.launch: Executable doesn't exist at C:\Users\JonathanRoss\AppData\Local\ms-playwright\chromium_headless_shell-1200\chrome-headless-shell-win64\chrome-headless-shell.exe
    ╔═════════════════════════════════════════════════════════════════════════╗
    ║ Looks like Playwright Test or Playwright was just installed or updated. ║
    ║ Please run the following command to download new browsers:              ║
    ║                                                                         ║
    ║     npx playwright install                                              ║
    ║                                                                         ║
    ║ <3 Playwright Team                                                      ║
    ╚═════════════════════════════════════════════════════════════════════════╝
]]>
</failure>
</testcase>
<testcase name="Environment: ap-northeast-1-pmt-staging-1 › Link 4: Deployments (grafana)" classname="test-environment-links.spec.ts" time="0.002">
<failure message="test-environment-links.spec.ts:76:11 Link 4: Deployments (grafana)" type="FAILURE">
<![CDATA[  [chromium] › test-environment-links.spec.ts:76:11 › Environment: ap-northeast-1-pmt-staging-1 › Link 4: Deployments (grafana) 

    Error: browserType.launch: Executable doesn't exist at C:\Users\JonathanRoss\AppData\Local\ms-playwright\chromium_headless_shell-1200\chrome-headless-shell-win64\chrome-headless-shell.exe
    ╔═════════════════════════════════════════════════════════════════════════╗
    ║ Looks like Playwright Test or Playwright was just installed or updated. ║
    ║ Please run the following command to download new browsers:              ║
    ║                                                                         ║
    ║     npx playwright install                                              ║
    ║                                                                         ║
    ║ <3 Playwright Team                                                      ║
    ╚═════════════════════════════════════════════════════════════════════════╝
]]>
</failure>
</testcase>
<testcase name="Environment: ap-northeast-1-pmt-staging-1 › Link 5: Grafana (grafana)" classname="test-environment-links.spec.ts" time="0.009">
<failure message="test-environment-links.spec.ts:76:11 Link 5: Grafana (grafana)" type="FAILURE">
<![CDATA[  [chromium] › test-environment-links.spec.ts:76:11 › Environment: ap-northeast-1-pmt-staging-1 › Link 5: Grafana (grafana) 

    Error: browserType.launch: Executable doesn't exist at C:\Users\JonathanRoss\AppData\Local\ms-playwright\chromium_headless_shell-1200\chrome-headless-shell-win64\chrome-headless-shell.exe
    ╔═════════════════════════════════════════════════════════════════════════╗
    ║ Looks like Playwright Test or Playwright was just installed or updated. ║
    ║ Please run the following command to download new browsers:              ║
    ║                                                                         ║
    ║     npx playwright install                                              ║
    ║                                                                         ║
    ║ <3 Playwright Team                                                      ║
    ╚═════════════════════════════════════════════════════════════════════════╝
]]>
</failure>
</testcase>
<testcase name="Environment: ap-northeast-1-pmt-staging-1 › Link 6: Datadog (datadog)" classname="test-environment-links.spec.ts" time="0.008">
<failure message="test-environment-links.spec.ts:76:11 Link 6: Datadog (datadog)" type="FAILURE">
<![CDATA[  [chromium] › test-environment-links.spec.ts:76:11 › Environment: ap-northeast-1-pmt-staging-1 › Link 6: Datadog (datadog) 

    Error: browserType.launch: Executable doesn't exist at C:\Users\JonathanRoss\AppData\Local\ms-playwright\chromium_headless_shell-1200\chrome-headless-shell-win64\chrome-headless-shell.exe
    ╔═════════════════════════════════════════════════════════════════════════╗
    ║ Looks like Playwright Test or Playwright was just installed or updated. ║
    ║ Please run the following command to download new browsers:              ║
    ║                                                                         ║
    ║     npx playwright install                                              ║
    ║                                                                         ║
    ║ <3 Playwright Team                                                      ║
    ╚═════════════════════════════════════════════════════════════════════════╝
]]>
</failure>
</testcase>
<testcase name="Environment: ap-northeast-1-pmt-staging-1 › Link 7: Prometheus (prometheus)" classname="test-environment-links.spec.ts" time="0.007">
<failure message="test-environment-links.spec.ts:76:11 Link 7: Prometheus (prometheus)" type="FAILURE">
<![CDATA[  [chromium] › test-environment-links.spec.ts:76:11 › Environment: ap-northeast-1-pmt-staging-1 › Link 7: Prometheus (prometheus) 

    Error: browserType.launch: Executable doesn't exist at C:\Users\JonathanRoss\AppData\Local\ms-playwright\chromium_headless_shell-1200\chrome-headless-shell-win64\chrome-headless-shell.exe
    ╔═════════════════════════════════════════════════════════════════════════╗
    ║ Looks like Playwright Test or Playwright was just installed or updated. ║
    ║ Please run the following command to download new browsers:              ║
    ║                                                                         ║
    ║     npx playwright install                                              ║
    ║                                                                         ║
    ║ <3 Playwright Team                                                      ║
    ╚═════════════════════════════════════════════════════════════════════════╝
]]>
</failure>
</testcase>
<testcase name="Environment: ap-northeast-1-pmt-staging-1 › Link 8: Vault (vault)" classname="test-environment-links.spec.ts" time="0.008">
<failure message="test-environment-links.spec.ts:76:11 Link 8: Vault (vault)" type="FAILURE">
<![CDATA[  [chromium] › test-environment-links.spec.ts:76:11 › Environment: ap-northeast-1-pmt-staging-1 › Link 8: Vault (vault) 

    Error: browserType.launch: Executable doesn't exist at C:\Users\JonathanRoss\AppData\Local\ms-playwright\chromium_headless_shell-1200\chrome-headless-shell-win64\chrome-headless-shell.exe
    ╔═════════════════════════════════════════════════════════════════════════╗
    ║ Looks like Playwright Test or Playwright was just installed or updated. ║
    ║ Please run the following command to download new browsers:              ║
    ║                                                                         ║
    ║     npx playwright install                                              ║
    ║                                                                         ║
    ║ <3 Playwright Team                                                      ║
    ╚═════════════════════════════════════════════════════════════════════════╝
]]>
</failure>
</testcase>
<testcase name="Environment: ap-northeast-1-tgw-prod › Link Data Validation - All parameters are populated" classname="test-environment-links.spec.ts" time="0.102">
<system-out>
<![CDATA[✓ Link 1 validation passed - Title: "Alert Manager", Icon: "alert-manager"
✓ Link 2 validation passed - Title: "Consul", Icon: "consul"
✓ Link 3 validation passed - Title: "Deployments", Icon: "grafana"
✓ Link 4 validation passed - Title: "Grafana", Icon: "grafana"
✓ Link 5 validation passed - Title: "Datadog", Icon: "datadog"
✓ Link 6 validation passed - Title: "Prometheus", Icon: "prometheus"
✓ Link 7 validation passed - Title: "Vault", Icon: "vault"
]]>
</system-out>
</testcase>
<testcase name="Environment: ap-northeast-1-tgw-prod › Link 1: Alert Manager (alert-manager)" classname="test-environment-links.spec.ts" time="0.007">
<failure message="test-environment-links.spec.ts:76:11 Link 1: Alert Manager (alert-manager)" type="FAILURE">
<![CDATA[  [chromium] › test-environment-links.spec.ts:76:11 › Environment: ap-northeast-1-tgw-prod › Link 1: Alert Manager (alert-manager) 

    Error: browserType.launch: Executable doesn't exist at C:\Users\JonathanRoss\AppData\Local\ms-playwright\chromium_headless_shell-1200\chrome-headless-shell-win64\chrome-headless-shell.exe
    ╔═════════════════════════════════════════════════════════════════════════╗
    ║ Looks like Playwright Test or Playwright was just installed or updated. ║
    ║ Please run the following command to download new browsers:              ║
    ║                                                                         ║
    ║     npx playwright install                                              ║
    ║                                                                         ║
    ║ <3 Playwright Team                                                      ║
    ╚═════════════════════════════════════════════════════════════════════════╝
]]>
</failure>
</testcase>
<testcase name="Environment: ap-northeast-1-tgw-prod › Link 2: Consul (consul)" classname="test-environment-links.spec.ts" time="0.005">
<failure message="test-environment-links.spec.ts:76:11 Link 2: Consul (consul)" type="FAILURE">
<![CDATA[  [chromium] › test-environment-links.spec.ts:76:11 › Environment: ap-northeast-1-tgw-prod › Link 2: Consul (consul) 

    Error: browserType.launch: Executable doesn't exist at C:\Users\JonathanRoss\AppData\Local\ms-playwright\chromium_headless_shell-1200\chrome-headless-shell-win64\chrome-headless-shell.exe
    ╔═════════════════════════════════════════════════════════════════════════╗
    ║ Looks like Playwright Test or Playwright was just installed or updated. ║
    ║ Please run the following command to download new browsers:              ║
    ║                                                                         ║
    ║     npx playwright install                                              ║
    ║                                                                         ║
    ║ <3 Playwright Team                                                      ║
    ╚═════════════════════════════════════════════════════════════════════════╝
]]>
</failure>
</testcase>
<testcase name="Environment: ap-northeast-1-tgw-prod › Link 3: Deployments (grafana)" classname="test-environment-links.spec.ts" time="0.013">
<failure message="test-environment-links.spec.ts:76:11 Link 3: Deployments (grafana)" type="FAILURE">
<![CDATA[  [chromium] › test-environment-links.spec.ts:76:11 › Environment: ap-northeast-1-tgw-prod › Link 3: Deployments (grafana) 

    Error: browserType.launch: Executable doesn't exist at C:\Users\JonathanRoss\AppData\Local\ms-playwright\chromium_headless_shell-1200\chrome-headless-shell-win64\chrome-headless-shell.exe
    ╔═════════════════════════════════════════════════════════════════════════╗
    ║ Looks like Playwright Test or Playwright was just installed or updated. ║
    ║ Please run the following command to download new browsers:              ║
    ║                                                                         ║
    ║     npx playwright install                                              ║
    ║                                                                         ║
    ║ <3 Playwright Team                                                      ║
    ╚═════════════════════════════════════════════════════════════════════════╝
]]>
</failure>
</testcase>
<testcase name="Environment: ap-northeast-1-tgw-prod › Link 4: Grafana (grafana)" classname="test-environment-links.spec.ts" time="0.003">
<failure message="test-environment-links.spec.ts:76:11 Link 4: Grafana (grafana)" type="FAILURE">
<![CDATA[  [chromium] › test-environment-links.spec.ts:76:11 › Environment: ap-northeast-1-tgw-prod › Link 4: Grafana (grafana) 

    Error: browserType.launch: Executable doesn't exist at C:\Users\JonathanRoss\AppData\Local\ms-playwright\chromium_headless_shell-1200\chrome-headless-shell-win64\chrome-headless-shell.exe
    ╔═════════════════════════════════════════════════════════════════════════╗
    ║ Looks like Playwright Test or Playwright was just installed or updated. ║
    ║ Please run the following command to download new browsers:              ║
    ║                                                                         ║
    ║     npx playwright install                                              ║
    ║                                                                         ║
    ║ <3 Playwright Team                                                      ║
    ╚═════════════════════════════════════════════════════════════════════════╝
]]>
</failure>
</testcase>
<testcase name="Environment: ap-northeast-1-tgw-prod › Link 5: Datadog (datadog)" classname="test-environment-links.spec.ts" time="0.016">
<failure message="test-environment-links.spec.ts:76:11 Link 5: Datadog (datadog)" type="FAILURE">
<![CDATA[  [chromium] › test-environment-links.spec.ts:76:11 › Environment: ap-northeast-1-tgw-prod › Link 5: Datadog (datadog) 

    Error: browserType.launch: Executable doesn't exist at C:\Users\JonathanRoss\AppData\Local\ms-playwright\chromium_headless_shell-1200\chrome-headless-shell-win64\chrome-headless-shell.exe
    ╔═════════════════════════════════════════════════════════════════════════╗
    ║ Looks like Playwright Test or Playwright was just installed or updated. ║
    ║ Please run the following command to download new browsers:              ║
    ║                                                                         ║
    ║     npx playwright install                                              ║
    ║                                                                         ║
    ║ <3 Playwright Team                                                      ║
    ╚═════════════════════════════════════════════════════════════════════════╝
]]>
</failure>
</testcase>
<testcase name="Environment: ap-northeast-1-tgw-prod › Link 6: Prometheus (prometheus)" classname="test-environment-links.spec.ts" time="0.009">
<failure message="test-environment-links.spec.ts:76:11 Link 6: Prometheus (prometheus)" type="FAILURE">
<![CDATA[  [chromium] › test-environment-links.spec.ts:76:11 › Environment: ap-northeast-1-tgw-prod › Link 6: Prometheus (prometheus) 

    Error: browserType.launch: Executable doesn't exist at C:\Users\JonathanRoss\AppData\Local\ms-playwright\chromium_headless_shell-1200\chrome-headless-shell-win64\chrome-headless-shell.exe
    ╔═════════════════════════════════════════════════════════════════════════╗
    ║ Looks like Playwright Test or Playwright was just installed or updated. ║
    ║ Please run the following command to download new browsers:              ║
    ║                                                                         ║
    ║     npx playwright install                                              ║
    ║                                                                         ║
    ║ <3 Playwright Team                                                      ║
    ╚═════════════════════════════════════════════════════════════════════════╝
]]>
</failure>
</testcase>
<testcase name="Environment: ap-northeast-1-tgw-prod › Link 7: Vault (vault)" classname="test-environment-links.spec.ts" time="0.007">
<failure message="test-environment-links.spec.ts:76:11 Link 7: Vault (vault)" type="FAILURE">
<![CDATA[  [chromium] › test-environment-links.spec.ts:76:11 › Environment: ap-northeast-1-tgw-prod › Link 7: Vault (vault) 

    Error: browserType.launch: Executable doesn't exist at C:\Users\JonathanRoss\AppData\Local\ms-playwright\chromium_headless_shell-1200\chrome-headless-shell-win64\chrome-headless-shell.exe
    ╔═════════════════════════════════════════════════════════════════════════╗
    ║ Looks like Playwright Test or Playwright was just installed or updated. ║
    ║ Please run the following command to download new browsers:              ║
    ║                                                                         ║
    ║     npx playwright install                                              ║
    ║                                                                         ║
    ║ <3 Playwright Team                                                      ║
    ╚═════════════════════════════════════════════════════════════════════════╝
]]>
</failure>
</testcase>
<testcase name="Environment: ap-southeast-2-ing-prod-1 › Link Data Validation - All parameters are populated" classname="test-environment-links.spec.ts" time="0.143">
<system-out>
<![CDATA[✓ Link 1 validation passed - Title: "Alert Manager", Icon: "alert-manager"
✓ Link 2 validation passed - Title: "Datadog", Icon: "datadog"
✓ Link 3 validation passed - Title: "Deployments", Icon: "grafana"
✓ Link 4 validation passed - Title: "Grafana", Icon: "grafana"
✓ Link 5 validation passed - Title: "Kiali", Icon: "kiali"
✓ Link 6 validation passed - Title: "Prometheus", Icon: "prometheus"
✓ Link 7 validation passed - Title: "Vault", Icon: "vault"
✓ Link 8 validation passed - Title: "Finout", Icon: "finout"
]]>
</system-out>
</testcase>
<testcase name="Environment: ap-southeast-2-ing-prod-1 › Link 1: Alert Manager (alert-manager)" classname="test-environment-links.spec.ts" time="0.011">
<failure message="test-environment-links.spec.ts:76:11 Link 1: Alert Manager (alert-manager)" type="FAILURE">
<![CDATA[  [chromium] › test-environment-links.spec.ts:76:11 › Environment: ap-southeast-2-ing-prod-1 › Link 1: Alert Manager (alert-manager) 

    Error: browserType.launch: Executable doesn't exist at C:\Users\JonathanRoss\AppData\Local\ms-playwright\chromium_headless_shell-1200\chrome-headless-shell-win64\chrome-headless-shell.exe
    ╔═════════════════════════════════════════════════════════════════════════╗
    ║ Looks like Playwright Test or Playwright was just installed or updated. ║
    ║ Please run the following command to download new browsers:              ║
    ║                                                                         ║
    ║     npx playwright install                                              ║
    ║                                                                         ║
    ║ <3 Playwright Team                                                      ║
    ╚═════════════════════════════════════════════════════════════════════════╝
]]>
</failure>
</testcase>
<testcase name="Environment: ap-southeast-2-ing-prod-1 › Link 2: Datadog (datadog)" classname="test-environment-links.spec.ts" time="0.006">
<failure message="test-environment-links.spec.ts:76:11 Link 2: Datadog (datadog)" type="FAILURE">
<![CDATA[  [chromium] › test-environment-links.spec.ts:76:11 › Environment: ap-southeast-2-ing-prod-1 › Link 2: Datadog (datadog) 

    Error: browserType.launch: Executable doesn't exist at C:\Users\JonathanRoss\AppData\Local\ms-playwright\chromium_headless_shell-1200\chrome-headless-shell-win64\chrome-headless-shell.exe
    ╔═════════════════════════════════════════════════════════════════════════╗
    ║ Looks like Playwright Test or Playwright was just installed or updated. ║
    ║ Please run the following command to download new browsers:              ║
    ║                                                                         ║
    ║     npx playwright install                                              ║
    ║                                                                         ║
    ║ <3 Playwright Team                                                      ║
    ╚═════════════════════════════════════════════════════════════════════════╝
]]>
</failure>
</testcase>
<testcase name="Environment: ap-southeast-2-ing-prod-1 › Link 3: Deployments (grafana)" classname="test-environment-links.spec.ts" time="0.011">
<failure message="test-environment-links.spec.ts:76:11 Link 3: Deployments (grafana)" type="FAILURE">
<![CDATA[  [chromium] › test-environment-links.spec.ts:76:11 › Environment: ap-southeast-2-ing-prod-1 › Link 3: Deployments (grafana) 

    Error: browserType.launch: Executable doesn't exist at C:\Users\JonathanRoss\AppData\Local\ms-playwright\chromium_headless_shell-1200\chrome-headless-shell-win64\chrome-headless-shell.exe
    ╔═════════════════════════════════════════════════════════════════════════╗
    ║ Looks like Playwright Test or Playwright was just installed or updated. ║
    ║ Please run the following command to download new browsers:              ║
    ║                                                                         ║
    ║     npx playwright install                                              ║
    ║                                                                         ║
    ║ <3 Playwright Team                                                      ║
    ╚═════════════════════════════════════════════════════════════════════════╝
]]>
</failure>
</testcase>
<testcase name="Environment: ap-southeast-2-ing-prod-1 › Link 4: Grafana (grafana)" classname="test-environment-links.spec.ts" time="0.003">
<failure message="test-environment-links.spec.ts:76:11 Link 4: Grafana (grafana)" type="FAILURE">
<![CDATA[  [chromium] › test-environment-links.spec.ts:76:11 › Environment: ap-southeast-2-ing-prod-1 › Link 4: Grafana (grafana) 

    Error: browserType.launch: Executable doesn't exist at C:\Users\JonathanRoss\AppData\Local\ms-playwright\chromium_headless_shell-1200\chrome-headless-shell-win64\chrome-headless-shell.exe
    ╔═════════════════════════════════════════════════════════════════════════╗
    ║ Looks like Playwright Test or Playwright was just installed or updated. ║
    ║ Please run the following command to download new browsers:              ║
    ║                                                                         ║
    ║     npx playwright install                                              ║
    ║                                                                         ║
    ║ <3 Playwright Team                                                      ║
    ╚═════════════════════════════════════════════════════════════════════════╝
]]>
</failure>
</testcase>
<testcase name="Environment: ap-southeast-2-ing-prod-1 › Link 5: Kiali (kiali)" classname="test-environment-links.spec.ts" time="0.008">
<failure message="test-environment-links.spec.ts:76:11 Link 5: Kiali (kiali)" type="FAILURE">
<![CDATA[  [chromium] › test-environment-links.spec.ts:76:11 › Environment: ap-southeast-2-ing-prod-1 › Link 5: Kiali (kiali) 

    Error: browserType.launch: Executable doesn't exist at C:\Users\JonathanRoss\AppData\Local\ms-playwright\chromium_headless_shell-1200\chrome-headless-shell-win64\chrome-headless-shell.exe
    ╔═════════════════════════════════════════════════════════════════════════╗
    ║ Looks like Playwright Test or Playwright was just installed or updated. ║
    ║ Please run the following command to download new browsers:              ║
    ║                                                                         ║
    ║     npx playwright install                                              ║
    ║                                                                         ║
    ║ <3 Playwright Team                                                      ║
    ╚═════════════════════════════════════════════════════════════════════════╝
]]>
</failure>
</testcase>
<testcase name="Environment: ap-southeast-2-ing-prod-1 › Link 6: Prometheus (prometheus)" classname="test-environment-links.spec.ts" time="0.008">
<failure message="test-environment-links.spec.ts:76:11 Link 6: Prometheus (prometheus)" type="FAILURE">
<![CDATA[  [chromium] › test-environment-links.spec.ts:76:11 › Environment: ap-southeast-2-ing-prod-1 › Link 6: Prometheus (prometheus) 

    Error: browserType.launch: Executable doesn't exist at C:\Users\JonathanRoss\AppData\Local\ms-playwright\chromium_headless_shell-1200\chrome-headless-shell-win64\chrome-headless-shell.exe
    ╔═════════════════════════════════════════════════════════════════════════╗
    ║ Looks like Playwright Test or Playwright was just installed or updated. ║
    ║ Please run the following command to download new browsers:              ║
    ║                                                                         ║
    ║     npx playwright install                                              ║
    ║                                                                         ║
    ║ <3 Playwright Team                                                      ║
    ╚═════════════════════════════════════════════════════════════════════════╝
]]>
</failure>
</testcase>
<testcase name="Environment: ap-southeast-2-ing-prod-1 › Link 7: Vault (vault)" classname="test-environment-links.spec.ts" time="0.006">
[...]
<![CDATA[  [webkit] › test-environment-links.spec.ts:76:11 › Environment: ap-southeast-2-ing-prod-1 › Link 1: Alert Manager (alert-manager) 

    Error: browserType.launch: Executable doesn't exist at C:\Users\JonathanRoss\AppData\Local\ms-playwright\webkit-2227\Playwright.exe
    ╔═════════════════════════════════════════════════════════════════════════╗
    ║ Looks like Playwright Test or Playwright was just installed or updated. ║
    ║ Please run the following command to download new browsers:              ║
    ║                                                                         ║
    ║     npx playwright install                                              ║
    ║                                                                         ║
    ║ <3 Playwright Team                                                      ║
    ╚═════════════════════════════════════════════════════════════════════════╝
]]>
</failure>
</testcase>
<testcase name="Environment: ap-southeast-2-ing-prod-1 › Link 2: Datadog (datadog)" classname="test-environment-links.spec.ts" time="0.011">
<failure message="test-environment-links.spec.ts:76:11 Link 2: Datadog (datadog)" type="FAILURE">
<![CDATA[  [webkit] › test-environment-links.spec.ts:76:11 › Environment: ap-southeast-2-ing-prod-1 › Link 2: Datadog (datadog) 

    Error: browserType.launch: Executable doesn't exist at C:\Users\JonathanRoss\AppData\Local\ms-playwright\webkit-2227\Playwright.exe
    ╔═════════════════════════════════════════════════════════════════════════╗
    ║ Looks like Playwright Test or Playwright was just installed or updated. ║
    ║ Please run the following command to download new browsers:              ║
    ║                                                                         ║
    ║     npx playwright install                                              ║
    ║                                                                         ║
    ║ <3 Playwright Team                                                      ║
    ╚═════════════════════════════════════════════════════════════════════════╝
]]>
</failure>
</testcase>
<testcase name="Environment: ap-southeast-2-ing-prod-1 › Link 3: Deployments (grafana)" classname="test-environment-links.spec.ts" time="0.01">
<failure message="test-environment-links.spec.ts:76:11 Link 3: Deployments (grafana)" type="FAILURE">
<![CDATA[  [webkit] › test-environment-links.spec.ts:76:11 › Environment: ap-southeast-2-ing-prod-1 › Link 3: Deployments (grafana) 

    Error: browserType.launch: Executable doesn't exist at C:\Users\JonathanRoss\AppData\Local\ms-playwright\webkit-2227\Playwright.exe
    ╔═════════════════════════════════════════════════════════════════════════╗
    ║ Looks like Playwright Test or Playwright was just installed or updated. ║
    ║ Please run the following command to download new browsers:              ║
    ║                                                                         ║
    ║     npx playwright install                                              ║
    ║                                                                         ║
    ║ <3 Playwright Team                                                      ║
    ╚═════════════════════════════════════════════════════════════════════════╝
]]>
</failure>
</testcase>
<testcase name="Environment: ap-southeast-2-ing-prod-1 › Link 4: Grafana (grafana)" classname="test-environment-links.spec.ts" time="0.005">
<failure message="test-environment-links.spec.ts:76:11 Link 4: Grafana (grafana)" type="FAILURE">
<![CDATA[  [webkit] › test-environment-links.spec.ts:76:11 › Environment: ap-southeast-2-ing-prod-1 › Link 4: Grafana (grafana) 

    Error: browserType.launch: Executable doesn't exist at C:\Users\JonathanRoss\AppData\Local\ms-playwright\webkit-2227\Playwright.exe
    ╔═════════════════════════════════════════════════════════════════════════╗
    ║ Looks like Playwright Test or Playwright was just installed or updated. ║
    ║ Please run the following command to download new browsers:              ║
    ║                                                                         ║
    ║     npx playwright install                                              ║
    ║                                                                         ║
    ║ <3 Playwright Team                                                      ║
    ╚═════════════════════════════════════════════════════════════════════════╝
]]>
</failure>
</testcase>
<testcase name="Environment: ap-southeast-2-ing-prod-1 › Link 5: Kiali (kiali)" classname="test-environment-links.spec.ts" time="0.011">
<failure message="test-environment-links.spec.ts:76:11 Link 5: Kiali (kiali)" type="FAILURE">
<![CDATA[  [webkit] › test-environment-links.spec.ts:76:11 › Environment: ap-southeast-2-ing-prod-1 › Link 5: Kiali (kiali) 

    Error: browserType.launch: Executable doesn't exist at C:\Users\JonathanRoss\AppData\Local\ms-playwright\webkit-2227\Playwright.exe
    ╔═════════════════════════════════════════════════════════════════════════╗
    ║ Looks like Playwright Test or Playwright was just installed or updated. ║
    ║ Please run the following command to download new browsers:              ║
    ║                                                                         ║
    ║     npx playwright install                                              ║
    ║                                                                         ║
    ║ <3 Playwright Team                                                      ║
    ╚═════════════════════════════════════════════════════════════════════════╝
]]>
</failure>
</testcase>
<testcase name="Environment: ap-southeast-2-ing-prod-1 › Link 6: Prometheus (prometheus)" classname="test-environment-links.spec.ts" time="0.011">
<failure message="test-environment-links.spec.ts:76:11 Link 6: Prometheus (prometheus)" type="FAILURE">
<![CDATA[  [webkit] › test-environment-links.spec.ts:76:11 › Environment: ap-southeast-2-ing-prod-1 › Link 6: Prometheus (prometheus) 

    Error: browserType.launch: Executable doesn't exist at C:\Users\JonathanRoss\AppData\Local\ms-playwright\webkit-2227\Playwright.exe
    ╔═════════════════════════════════════════════════════════════════════════╗
    ║ Looks like Playwright Test or Playwright was just installed or updated. ║
    ║ Please run the following command to download new browsers:              ║
    ║                                                                         ║
    ║     npx playwright install                                              ║
    ║                                                                         ║
    ║ <3 Playwright Team                                                      ║
    ╚═════════════════════════════════════════════════════════════════════════╝
]]>
</failure>
</testcase>
<testcase name="Environment: ap-southeast-2-ing-prod-1 › Link 7: Vault (vault)" classname="test-environment-links.spec.ts" time="0.012">
<failure message="test-environment-links.spec.ts:76:11 Link 7: Vault (vault)" type="FAILURE">
<![CDATA[  [webkit] › test-environment-links.spec.ts:76:11 › Environment: ap-southeast-2-ing-prod-1 › Link 7: Vault (vault) 

    Error: browserType.launch: Executable doesn't exist at C:\Users\JonathanRoss\AppData\Local\ms-playwright\webkit-2227\Playwright.exe
    ╔═════════════════════════════════════════════════════════════════════════╗
    ║ Looks like Playwright Test or Playwright was just installed or updated. ║
    ║ Please run the following command to download new browsers:              ║
    ║                                                                         ║
    ║     npx playwright install                                              ║
    ║                                                                         ║
    ║ <3 Playwright Team                                                      ║
    ╚═════════════════════════════════════════════════════════════════════════╝
]]>
</failure>
</testcase>
<testcase name="Environment: ap-southeast-2-ing-prod-1 › Link 8: Finout (finout)" classname="test-environment-links.spec.ts" time="0.01">
<failure message="test-environment-links.spec.ts:76:11 Link 8: Finout (finout)" type="FAILURE">
<![CDATA[  [webkit] › test-environment-links.spec.ts:76:11 › Environment: ap-southeast-2-ing-prod-1 › Link 8: Finout (finout) 

    Error: browserType.launch: Executable doesn't exist at C:\Users\JonathanRoss\AppData\Local\ms-playwright\webkit-2227\Playwright.exe
    ╔═════════════════════════════════════════════════════════════════════════╗
    ║ Looks like Playwright Test or Playwright was just installed or updated. ║
    ║ Please run the following command to download new browsers:              ║
    ║                                                                         ║
    ║     npx playwright install                                              ║
    ║                                                                         ║
    ║ <3 Playwright Team                                                      ║
    ╚═════════════════════════════════════════════════════════════════════════╝
]]>
</failure>
</testcase>
<testcase name="Environment: ap-southeast-2-ing-qa-1 › Link Data Validation - All parameters are populated" classname="test-environment-links.spec.ts" time="0.108">
<system-out>
<![CDATA[✓ Link 1 validation passed - Title: "Alert Manager", Icon: "alert-manager"
✓ Link 2 validation passed - Title: "Datadog", Icon: "datadog"
✓ Link 3 validation passed - Title: "Deployments", Icon: "grafana"
✓ Link 4 validation passed - Title: "Grafana", Icon: "grafana"
✓ Link 5 validation passed - Title: "Kiali", Icon: "kiali"
✓ Link 6 validation passed - Title: "Prometheus", Icon: "prometheus"
✓ Link 7 validation passed - Title: "Vault", Icon: "vault"
✓ Link 8 validation passed - Title: "Finout", Icon: "finout"
]]>
</system-out>
</testcase>
<testcase name="Environment: ap-southeast-2-ing-qa-1 › Link 1: Alert Manager (alert-manager)" classname="test-environment-links.spec.ts" time="0.013">
<failure message="test-environment-links.spec.ts:76:11 Link 1: Alert Manager (alert-manager)" type="FAILURE">
<![CDATA[  [webkit] › test-environment-links.spec.ts:76:11 › Environment: ap-southeast-2-ing-qa-1 › Link 1: Alert Manager (alert-manager) 

    Error: browserType.launch: Executable doesn't exist at C:\Users\JonathanRoss\AppData\Local\ms-playwright\webkit-2227\Playwright.exe
    ╔═════════════════════════════════════════════════════════════════════════╗
    ║ Looks like Playwright Test or Playwright was just installed or updated. ║
    ║ Please run the following command to download new browsers:              ║
    ║                                                                         ║
    ║     npx playwright install                                              ║
    ║                                                                         ║
    ║ <3 Playwright Team                                                      ║
    ╚═════════════════════════════════════════════════════════════════════════╝
]]>
</failure>
</testcase>
<testcase name="Environment: ap-southeast-2-ing-qa-1 › Link 2: Datadog (datadog)" classname="test-environment-links.spec.ts" time="0.016">
<failure message="test-environment-links.spec.ts:76:11 Link 2: Datadog (datadog)" type="FAILURE">
<![CDATA[  [webkit] › test-environment-links.spec.ts:76:11 › Environment: ap-southeast-2-ing-qa-1 › Link 2: Datadog (datadog) 

    Error: browserType.launch: Executable doesn't exist at C:\Users\JonathanRoss\AppData\Local\ms-playwright\webkit-2227\Playwright.exe
    ╔═════════════════════════════════════════════════════════════════════════╗
    ║ Looks like Playwright Test or Playwright was just installed or updated. ║
    ║ Please run the following command to download new browsers:              ║
    ║                                                                         ║
    ║     npx playwright install                                              ║
    ║                                                                         ║
    ║ <3 Playwright Team                                                      ║
    ╚═════════════════════════════════════════════════════════════════════════╝
]]>
</failure>
</testcase>
<testcase name="Environment: ap-southeast-2-ing-qa-1 › Link 3: Deployments (grafana)" classname="test-environment-links.spec.ts" time="0.03">
<failure message="test-environment-links.spec.ts:76:11 Link 3: Deployments (grafana)" type="FAILURE">
<![CDATA[  [webkit] › test-environment-links.spec.ts:76:11 › Environment: ap-southeast-2-ing-qa-1 › Link 3: Deployments (grafana) 

    Error: browserType.launch: Executable doesn't exist at C:\Users\JonathanRoss\AppData\Local\ms-playwright\webkit-2227\Playwright.exe
    ╔═════════════════════════════════════════════════════════════════════════╗
    ║ Looks like Playwright Test or Playwright was just installed or updated. ║
    ║ Please run the following command to download new browsers:              ║
    ║                                                                         ║
    ║     npx playwright install                                              ║
    ║                                                                         ║
    ║ <3 Playwright Team                                                      ║
    ╚═════════════════════════════════════════════════════════════════════════╝
]]>
</failure>
</testcase>
<testcase name="Environment: ap-southeast-2-ing-qa-1 › Link 4: Grafana (grafana)" classname="test-environment-links.spec.ts" time="0.005">
<failure message="test-environment-links.spec.ts:76:11 Link 4: Grafana (grafana)" type="FAILURE">
<![CDATA[  [webkit] › test-environment-links.spec.ts:76:11 › Environment: ap-southeast-2-ing-qa-1 › Link 4: Grafana (grafana) 

    Error: browserType.launch: Executable doesn't exist at C:\Users\JonathanRoss\AppData\Local\ms-playwright\webkit-2227\Playwright.exe
    ╔═════════════════════════════════════════════════════════════════════════╗
    ║ Looks like Playwright Test or Playwright was just installed or updated. ║
    ║ Please run the following command to download new browsers:              ║
    ║                                                                         ║
    ║     npx playwright install                                              ║
    ║                                                                         ║
    ║ <3 Playwright Team                                                      ║
    ╚═════════════════════════════════════════════════════════════════════════╝
]]>
</failure>
</testcase>
<testcase name="Environment: ap-southeast-2-ing-qa-1 › Link 5: Kiali (kiali)" classname="test-environment-links.spec.ts" time="0.024">
<failure message="test-environment-links.spec.ts:76:11 Link 5: Kiali (kiali)" type="FAILURE">
<![CDATA[  [webkit] › test-environment-links.spec.ts:76:11 › Environment: ap-southeast-2-ing-qa-1 › Link 5: Kiali (kiali) 

    Error: browserType.launch: Executable doesn't exist at C:\Users\JonathanRoss\AppData\Local\ms-playwright\webkit-2227\Playwright.exe
    ╔═════════════════════════════════════════════════════════════════════════╗
    ║ Looks like Playwright Test or Playwright was just installed or updated. ║
    ║ Please run the following command to download new browsers:              ║
    ║                                                                         ║
    ║     npx playwright install                                              ║
    ║                                                                         ║
    ║ <3 Playwright Team                                                      ║
    ╚═════════════════════════════════════════════════════════════════════════╝
]]>
</failure>
</testcase>
<testcase name="Environment: ap-southeast-2-ing-qa-1 › Link 6: Prometheus (prometheus)" classname="test-environment-links.spec.ts" time="0.012">
<failure message="test-environment-links.spec.ts:76:11 Link 6: Prometheus (prometheus)" type="FAILURE">
<![CDATA[  [webkit] › test-environment-links.spec.ts:76:11 › Environment: ap-southeast-2-ing-qa-1 › Link 6: Prometheus (prometheus) 

    Error: browserType.launch: Executable doesn't exist at C:\Users\JonathanRoss\AppData\Local\ms-playwright\webkit-2227\Playwright.exe
    ╔═════════════════════════════════════════════════════════════════════════╗
    ║ Looks like Playwright Test or Playwright was just installed or updated. ║
    ║ Please run the following command to download new browsers:              ║
    ║                                                                         ║
    ║     npx playwright install                                              ║
    ║                                                                         ║
    ║ <3 Playwright Team                                                      ║
    ╚═════════════════════════════════════════════════════════════════════════╝
]]>
</failure>
</testcase>
<testcase name="Environment: ap-southeast-2-ing-qa-1 › Link 7: Vault (vault)" classname="test-environment-links.spec.ts" time="0.012">
<failure message="test-environment-links.spec.ts:76:11 Link 7: Vault (vault)" type="FAILURE">
<![CDATA[  [webkit] › test-environment-links.spec.ts:76:11 › Environment: ap-southeast-2-ing-qa-1 › Link 7: Vault (vault) 

    Error: browserType.launch: Executable doesn't exist at C:\Users\JonathanRoss\AppData\Local\ms-playwright\webkit-2227\Playwright.exe
    ╔═════════════════════════════════════════════════════════════════════════╗
    ║ Looks like Playwright Test or Playwright was just installed or updated. ║
    ║ Please run the following command to download new browsers:              ║
    ║                                                                         ║
    ║     npx playwright install                                              ║
    ║                                                                         ║
    ║ <3 Playwright Team                                                      ║
    ╚═════════════════════════════════════════════════════════════════════════╝
]]>
</failure>
</testcase>
<testcase name="Environment: ap-southeast-2-ing-qa-1 › Link 8: Finout (finout)" classname="test-environment-links.spec.ts" time="0.011">
<failure message="test-environment-links.spec.ts:76:11 Link 8: Finout (finout)" type="FAILURE">
<![CDATA[  [webkit] › test-environment-links.spec.ts:76:11 › Environment: ap-southeast-2-ing-qa-1 › Link 8: Finout (finout) 

    Error: browserType.launch: Executable doesn't exist at C:\Users\JonathanRoss\AppData\Local\ms-playwright\webkit-2227\Playwright.exe
    ╔═════════════════════════════════════════════════════════════════════════╗
    ║ Looks like Playwright Test or Playwright was just installed or updated. ║
    ║ Please run the following command to download new browsers:              ║
    ║                                                                         ║
    ║     npx playwright install                                              ║
    ║                                                                         ║
    ║ <3 Playwright Team                                                      ║
    ╚═════════════════════════════════════════════════════════════════════════╝
]]>
</failure>
</testcase>
<testcase name="Link Summary Report" classname="test-environment-links.spec.ts" time="0.02">
<system-out>
<![CDATA[
=== LINK SUMMARY REPORT ===
Total Environments: 10
Environments with Links: 10
Total Links to Check: 70

Breakdown by Environment:
  alalcomenia-prod: 3 link(s)
  alalcomenia-staging: 3 link(s)
  algos-dev: 8 link(s)
  alloresto-production: 8 link(s)
  am-okta-production: 9 link(s)
  ap-northeast-1-pdv-staging-1: 8 link(s)
  ap-northeast-1-pmt-staging-1: 8 link(s)
  ap-northeast-1-tgw-prod: 7 link(s)
  ap-southeast-2-ing-prod-1: 8 link(s)
  ap-southeast-2-ing-qa-1: 8 link(s)
===========================

]]>
</system-out>
</testcase>
</testsuite>
</testsuites>